<?xml version="1.0" encoding="UTF-8"?>
<!-- Generated by org.testng.reporters.JUnitReportReporter -->
<testsuite hostname="ARISTA113-PC" failures="0" tests="4" name="com.haloluxe.test.AddToCartTest" time="122.553" errors="0" timestamp="2023-12-06T15:03:26 IST" skipped="0">
  <testcase classname="com.haloluxe.test.AddToCartTest" name="verifyAddingMoreThan1QuantityToCart" time="45.151"/>
  <system-out/>
  <testcase classname="com.haloluxe.test.AddToCartTest" name="VerifyTotalPriceOfTheItem" time="46.411"/>
  <system-out/>
  <testcase classname="com.haloluxe.test.AddToCartTest" name="verifyAddToCartItem" time="14.648"/>
  <system-out/>
  <testcase classname="com.haloluxe.test.AddToCartTest" name="VerifyContinueShoppingAfterAddingAnItemToCart" time="16.343"/>
  <system-out/>
</testsuite> <!-- com.haloluxe.test.AddToCartTest -->
