<?xml version="1.0" encoding="UTF-8"?>
<!-- Generated by org.testng.reporters.JUnitReportReporter -->
<testsuite hostname="ARISTA113-PC" failures="0" tests="2" name="com.haloluxe.test.LogoutTest" time="9.881" errors="0" timestamp="2023-12-06T15:03:26 IST" skipped="0">
  <testcase classname="com.haloluxe.test.LogoutTest" name="VerifyLoggingOutAndLogInImmediatelyAfterLogout" time="5.964"/>
  <system-out/>
  <testcase classname="com.haloluxe.test.LogoutTest" name="VerifyLogoutButton" time="3.917"/>
  <system-out/>
</testsuite> <!-- com.haloluxe.test.LogoutTest -->
