<?xml version="1.0" encoding="UTF-8"?>
<!-- Generated by org.testng.reporters.JUnitReportReporter -->
<testsuite hostname="ARISTA113-PC" failures="0" tests="5" name="com.haloluxe.test.ContactUs_Test" time="22.665" errors="0" timestamp="2023-12-06T15:03:26 IST" skipped="0">
  <testcase classname="com.haloluxe.test.ContactUs_Test" name="VerifyEnteringInvalidEmailIntoContactUsForm" time="5.336"/>
  <system-out/>
  <testcase classname="com.haloluxe.test.ContactUs_Test" name="verifyContactUsOnAccountPage" time="3.306"/>
  <system-out/>
  <testcase classname="com.haloluxe.test.ContactUs_Test" name="verifyContactUsFormBySubmittingAllTheDetails" time="5.166"/>
  <system-out/>
  <testcase classname="com.haloluxe.test.ContactUs_Test" name="VerifyContactUsFormByNotSubmittingAnyDetails" time="5.245"/>
  <system-out/>
  <testcase classname="com.haloluxe.test.ContactUs_Test" name="VerifyContactUsButtonOnHomePage" time="3.612"/>
  <system-out/>
</testsuite> <!-- com.haloluxe.test.ContactUs_Test -->
