<?xml version="1.0" encoding="UTF-8"?>
<!-- Generated by org.testng.reporters.JUnitReportReporter -->
<testsuite hostname="ARISTA113-PC" failures="0" tests="1" name="com.haloluxe.test.ForgotPassTest" time="13.648" errors="0" timestamp="2023-12-06T15:03:26 IST" skipped="0">
  <testcase classname="com.haloluxe.test.ForgotPassTest" name="verifyForgotPassButtonClickable" time="13.648"/>
  <system-out/>
</testsuite> <!-- com.haloluxe.test.ForgotPassTest -->
